<?xml version="1.0" encoding="UTF-8"?>
<!-- Generated by org.testng.reporters.JUnitReportReporter -->
<testsuite skipped="0" hostname="HP-Supernova" name="com.bewkoof.testCases.TC_ProductCartTest_002" tests="5" failures="0" timestamp="2020-01-02T23:23:24 IST" time="15.411" errors="0">
  <testcase name="loginIntoBewakoof" time="4.207" classname="com.bewkoof.testCases.TC_ProductCartTest_002"/>
  <testcase name="searchProduct" time="3.260" classname="com.bewkoof.testCases.TC_ProductCartTest_002"/>
  <testcase name="productAddToCart" time="5.077" classname="com.bewkoof.testCases.TC_ProductCartTest_002"/>
  <testcase name="goToHome" time="0.823" classname="com.bewkoof.testCases.TC_ProductCartTest_002"/>
  <testcase name="logoutFromApplication" time="2.044" classname="com.bewkoof.testCases.TC_ProductCartTest_002"/>
</testsuite> <!-- com.bewkoof.testCases.TC_ProductCartTest_002 -->
