<?xml version="1.0" encoding="UTF-8"?>
<!-- Generated by org.testng.reporters.JUnitReportReporter -->
<testsuite skipped="0" hostname="HP-Supernova" name="com.bewkoof.testCases.TC_LoginTest_001" tests="2" failures="0" timestamp="2020-01-02T23:23:24 IST" time="5.650" errors="0">
  <testcase name="loginIntoBewakoof" time="4.141" classname="com.bewkoof.testCases.TC_LoginTest_001"/>
  <testcase name="logoutFromApplication" time="1.509" classname="com.bewkoof.testCases.TC_LoginTest_001"/>
</testsuite> <!-- com.bewkoof.testCases.TC_LoginTest_001 -->
